2025-05-12 20:57:18,099:WARNING:
'cuml' is a soft dependency and not included in the pycaret installation. Please run: `pip install cuml` to install.
2025-05-12 20:57:18,099:WARNING:
'cuml' is a soft dependency and not included in the pycaret installation. Please run: `pip install cuml` to install.
2025-05-12 20:57:18,100:WARNING:
'cuml' is a soft dependency and not included in the pycaret installation. Please run: `pip install cuml` to install.
2025-05-12 20:57:18,100:WARNING:
'cuml' is a soft dependency and not included in the pycaret installation. Please run: `pip install cuml` to install.
2025-05-12 21:07:38,074:WARNING:
'cuml' is a soft dependency and not included in the pycaret installation. Please run: `pip install cuml` to install.
2025-05-12 21:07:38,075:WARNING:
'cuml' is a soft dependency and not included in the pycaret installation. Please run: `pip install cuml` to install.
2025-05-12 21:07:38,075:WARNING:
'cuml' is a soft dependency and not included in the pycaret installation. Please run: `pip install cuml` to install.
2025-05-12 21:07:38,075:WARNING:
'cuml' is a soft dependency and not included in the pycaret installation. Please run: `pip install cuml` to install.
2025-05-12 21:41:09,686:WARNING:
'cuml' is a soft dependency and not included in the pycaret installation. Please run: `pip install cuml` to install.
2025-05-12 21:41:09,686:WARNING:
'cuml' is a soft dependency and not included in the pycaret installation. Please run: `pip install cuml` to install.
2025-05-12 21:41:09,686:WARNING:
'cuml' is a soft dependency and not included in the pycaret installation. Please run: `pip install cuml` to install.
2025-05-12 21:41:09,686:WARNING:
'cuml' is a soft dependency and not included in the pycaret installation. Please run: `pip install cuml` to install.
2025-05-12 21:41:32,743:INFO:PyCaret RegressionExperiment
2025-05-12 21:41:32,743:INFO:Logging name: reg-default-name
2025-05-12 21:41:32,743:INFO:ML Usecase: MLUsecase.REGRESSION
2025-05-12 21:41:32,743:INFO:version 3.3.2
2025-05-12 21:41:32,743:INFO:Initializing setup()
2025-05-12 21:41:32,743:INFO:self.USI: a710
2025-05-12 21:41:32,743:INFO:self._variable_keys: {'idx', 'n_jobs_param', 'pipeline', 'memory', 'y_train', 'y_test', 'target_param', 'fold_shuffle_param', 'gpu_param', 'logging_param', '_ml_usecase', '_available_plots', 'transform_target_param', 'exp_name_log', 'X', 'data', 'log_plots_param', 'fold_generator', 'USI', 'exp_id', 'gpu_n_jobs_param', 'y', 'html_param', 'X_train', 'X_test', 'seed', 'fold_groups_param'}
2025-05-12 21:41:32,743:INFO:Checking environment
2025-05-12 21:41:32,743:INFO:python_version: 3.11.0
2025-05-12 21:41:32,743:INFO:python_build: ('main', 'Oct 24 2022 18:26:48')
2025-05-12 21:41:32,743:INFO:machine: AMD64
2025-05-12 21:41:32,743:INFO:platform: Windows-10-10.0.19045-SP0
2025-05-12 21:41:32,755:INFO:Memory: svmem(total=12759322624, available=1693810688, percent=86.7, used=11065511936, free=1693810688)
2025-05-12 21:41:32,756:INFO:Physical Core: 4
2025-05-12 21:41:32,758:INFO:Logical Core: 8
2025-05-12 21:41:32,758:INFO:Checking libraries
2025-05-12 21:41:32,758:INFO:System:
2025-05-12 21:41:32,759:INFO:    python: 3.11.0 (main, Oct 24 2022, 18:26:48) [MSC v.1933 64 bit (AMD64)]
2025-05-12 21:41:32,759:INFO:executable: c:\Users\RAUL\AppData\Local\Programs\Python\Python311\python.exe
2025-05-12 21:41:32,759:INFO:   machine: Windows-10-10.0.19045-SP0
2025-05-12 21:41:32,759:INFO:PyCaret required dependencies:
2025-05-12 21:41:32,949:INFO:                 pip: 22.3
2025-05-12 21:41:32,950:INFO:          setuptools: 65.5.0
2025-05-12 21:41:32,950:INFO:             pycaret: 3.3.2
2025-05-12 21:41:32,950:INFO:             IPython: 9.2.0
2025-05-12 21:41:32,950:INFO:          ipywidgets: 8.1.7
2025-05-12 21:41:32,950:INFO:                tqdm: 4.67.1
2025-05-12 21:41:32,950:INFO:               numpy: 1.26.4
2025-05-12 21:41:32,950:INFO:              pandas: 2.1.4
2025-05-12 21:41:32,950:INFO:              jinja2: 3.1.6
2025-05-12 21:41:32,950:INFO:               scipy: 1.11.4
2025-05-12 21:41:32,950:INFO:              joblib: 1.3.2
2025-05-12 21:41:32,950:INFO:             sklearn: 1.4.2
2025-05-12 21:41:32,950:INFO:                pyod: 2.0.5
2025-05-12 21:41:32,950:INFO:            imblearn: 0.13.0
2025-05-12 21:41:32,950:INFO:   category_encoders: 2.7.0
2025-05-12 21:41:32,950:INFO:            lightgbm: 4.6.0
2025-05-12 21:41:32,951:INFO:               numba: 0.61.2
2025-05-12 21:41:32,951:INFO:            requests: 2.32.3
2025-05-12 21:41:32,951:INFO:          matplotlib: 3.7.5
2025-05-12 21:41:32,951:INFO:          scikitplot: 0.3.7
2025-05-12 21:41:32,951:INFO:         yellowbrick: 1.5
2025-05-12 21:41:32,951:INFO:              plotly: 5.24.1
2025-05-12 21:41:32,951:INFO:    plotly-resampler: Not installed
2025-05-12 21:41:32,951:INFO:             kaleido: 0.2.1
2025-05-12 21:41:32,951:INFO:           schemdraw: 0.15
2025-05-12 21:41:32,951:INFO:         statsmodels: 0.14.4
2025-05-12 21:41:32,952:INFO:              sktime: 0.26.0
2025-05-12 21:41:32,952:INFO:               tbats: 1.1.3
2025-05-12 21:41:32,952:INFO:            pmdarima: 2.0.4
2025-05-12 21:41:32,952:INFO:              psutil: 7.0.0
2025-05-12 21:41:32,952:INFO:          markupsafe: 3.0.2
2025-05-12 21:41:32,953:INFO:             pickle5: Not installed
2025-05-12 21:41:32,953:INFO:         cloudpickle: 3.1.1
2025-05-12 21:41:32,953:INFO:         deprecation: 2.1.0
2025-05-12 21:41:32,954:INFO:              xxhash: 3.5.0
2025-05-12 21:41:32,955:INFO:           wurlitzer: Not installed
2025-05-12 21:41:32,955:INFO:PyCaret optional dependencies:
2025-05-12 21:41:32,995:INFO:                shap: Not installed
2025-05-12 21:41:32,995:INFO:           interpret: Not installed
2025-05-12 21:41:32,995:INFO:                umap: Not installed
2025-05-12 21:41:32,995:INFO:     ydata_profiling: Not installed
2025-05-12 21:41:32,995:INFO:  explainerdashboard: Not installed
2025-05-12 21:41:32,995:INFO:             autoviz: Not installed
2025-05-12 21:41:32,995:INFO:           fairlearn: Not installed
2025-05-12 21:41:32,995:INFO:          deepchecks: Not installed
2025-05-12 21:41:32,995:INFO:             xgboost: Not installed
2025-05-12 21:41:32,995:INFO:            catboost: Not installed
2025-05-12 21:41:32,995:INFO:              kmodes: Not installed
2025-05-12 21:41:32,996:INFO:             mlxtend: Not installed
2025-05-12 21:41:32,996:INFO:       statsforecast: Not installed
2025-05-12 21:41:32,996:INFO:        tune_sklearn: Not installed
2025-05-12 21:41:32,996:INFO:                 ray: Not installed
2025-05-12 21:41:32,996:INFO:            hyperopt: Not installed
2025-05-12 21:41:32,996:INFO:              optuna: Not installed
2025-05-12 21:41:32,996:INFO:               skopt: Not installed
2025-05-12 21:41:32,996:INFO:              mlflow: Not installed
2025-05-12 21:41:32,996:INFO:              gradio: Not installed
2025-05-12 21:41:32,996:INFO:             fastapi: Not installed
2025-05-12 21:41:32,996:INFO:             uvicorn: Not installed
2025-05-12 21:41:32,996:INFO:              m2cgen: Not installed
2025-05-12 21:41:32,996:INFO:           evidently: Not installed
2025-05-12 21:41:32,996:INFO:               fugue: Not installed
2025-05-12 21:41:32,997:INFO:           streamlit: Not installed
2025-05-12 21:41:32,997:INFO:             prophet: Not installed
2025-05-12 21:41:32,997:INFO:None
2025-05-12 21:41:32,997:INFO:Set up data.
2025-05-12 21:41:33,015:INFO:Set up folding strategy.
2025-05-12 21:41:33,015:INFO:Set up train/test split.
2025-05-12 21:41:33,096:INFO:Set up index.
2025-05-12 21:41:33,098:INFO:Assigning column types.
2025-05-12 21:41:33,108:INFO:Engine successfully changes for model 'lr' to 'sklearn'.
2025-05-12 21:41:33,109:INFO:Engine for model 'lasso' has not been set explicitly, hence returning None.
2025-05-12 21:41:33,118:INFO:Engine for model 'ridge' has not been set explicitly, hence returning None.
2025-05-12 21:41:33,127:INFO:Engine for model 'en' has not been set explicitly, hence returning None.
2025-05-12 21:41:33,246:INFO:Engine for model 'svm' has not been set explicitly, hence returning None.
2025-05-12 21:41:33,316:INFO:Engine for model 'knn' has not been set explicitly, hence returning None.
2025-05-12 21:41:33,319:WARNING:
'xgboost' is a soft dependency and not included in the pycaret installation. Please run: `pip install xgboost` to install.
Alternately, you can install this by running `pip install pycaret[models]`
2025-05-12 21:41:33,319:WARNING:
'catboost' is a soft dependency and not included in the pycaret installation. Please run: `pip install catboost` to install.
Alternately, you can install this by running `pip install pycaret[models]`
2025-05-12 21:41:33,320:INFO:Engine for model 'lasso' has not been set explicitly, hence returning None.
2025-05-12 21:41:33,326:INFO:Engine for model 'ridge' has not been set explicitly, hence returning None.
2025-05-12 21:41:33,332:INFO:Engine for model 'en' has not been set explicitly, hence returning None.
2025-05-12 21:41:33,417:INFO:Engine for model 'svm' has not been set explicitly, hence returning None.
2025-05-12 21:41:33,473:INFO:Engine for model 'knn' has not been set explicitly, hence returning None.
2025-05-12 21:41:33,473:WARNING:
'xgboost' is a soft dependency and not included in the pycaret installation. Please run: `pip install xgboost` to install.
Alternately, you can install this by running `pip install pycaret[models]`
2025-05-12 21:41:33,474:WARNING:
'catboost' is a soft dependency and not included in the pycaret installation. Please run: `pip install catboost` to install.
Alternately, you can install this by running `pip install pycaret[models]`
2025-05-12 21:41:33,474:INFO:Engine successfully changes for model 'lasso' to 'sklearn'.
2025-05-12 21:41:33,479:INFO:Engine for model 'ridge' has not been set explicitly, hence returning None.
2025-05-12 21:41:33,484:INFO:Engine for model 'en' has not been set explicitly, hence returning None.
2025-05-12 21:41:33,556:INFO:Engine for model 'svm' has not been set explicitly, hence returning None.
2025-05-12 21:41:33,599:INFO:Engine for model 'knn' has not been set explicitly, hence returning None.
2025-05-12 21:41:33,599:WARNING:
'xgboost' is a soft dependency and not included in the pycaret installation. Please run: `pip install xgboost` to install.
Alternately, you can install this by running `pip install pycaret[models]`
2025-05-12 21:41:33,599:WARNING:
'catboost' is a soft dependency and not included in the pycaret installation. Please run: `pip install catboost` to install.
Alternately, you can install this by running `pip install pycaret[models]`
2025-05-12 21:41:33,603:INFO:Engine for model 'ridge' has not been set explicitly, hence returning None.
2025-05-12 21:41:33,608:INFO:Engine for model 'en' has not been set explicitly, hence returning None.
2025-05-12 21:41:33,663:INFO:Engine for model 'svm' has not been set explicitly, hence returning None.
2025-05-12 21:41:33,710:INFO:Engine for model 'knn' has not been set explicitly, hence returning None.
2025-05-12 21:41:33,710:WARNING:
'xgboost' is a soft dependency and not included in the pycaret installation. Please run: `pip install xgboost` to install.
Alternately, you can install this by running `pip install pycaret[models]`
2025-05-12 21:41:33,711:WARNING:
'catboost' is a soft dependency and not included in the pycaret installation. Please run: `pip install catboost` to install.
Alternately, you can install this by running `pip install pycaret[models]`
2025-05-12 21:41:33,711:INFO:Engine successfully changes for model 'ridge' to 'sklearn'.
2025-05-12 21:41:33,720:INFO:Engine for model 'en' has not been set explicitly, hence returning None.
2025-05-12 21:41:33,779:INFO:Engine for model 'svm' has not been set explicitly, hence returning None.
2025-05-12 21:41:33,825:INFO:Engine for model 'knn' has not been set explicitly, hence returning None.
2025-05-12 21:41:33,826:WARNING:
'xgboost' is a soft dependency and not included in the pycaret installation. Please run: `pip install xgboost` to install.
Alternately, you can install this by running `pip install pycaret[models]`
2025-05-12 21:41:33,827:WARNING:
'catboost' is a soft dependency and not included in the pycaret installation. Please run: `pip install catboost` to install.
Alternately, you can install this by running `pip install pycaret[models]`
2025-05-12 21:41:33,836:INFO:Engine for model 'en' has not been set explicitly, hence returning None.
2025-05-12 21:41:33,893:INFO:Engine for model 'svm' has not been set explicitly, hence returning None.
2025-05-12 21:41:33,946:INFO:Engine for model 'knn' has not been set explicitly, hence returning None.
2025-05-12 21:41:33,946:WARNING:
'xgboost' is a soft dependency and not included in the pycaret installation. Please run: `pip install xgboost` to install.
Alternately, you can install this by running `pip install pycaret[models]`
2025-05-12 21:41:33,947:WARNING:
'catboost' is a soft dependency and not included in the pycaret installation. Please run: `pip install catboost` to install.
Alternately, you can install this by running `pip install pycaret[models]`
2025-05-12 21:41:33,947:INFO:Engine successfully changes for model 'en' to 'sklearn'.
2025-05-12 21:41:34,041:INFO:Engine for model 'svm' has not been set explicitly, hence returning None.
2025-05-12 21:41:34,090:INFO:Engine for model 'knn' has not been set explicitly, hence returning None.
2025-05-12 21:41:34,091:WARNING:
'xgboost' is a soft dependency and not included in the pycaret installation. Please run: `pip install xgboost` to install.
Alternately, you can install this by running `pip install pycaret[models]`
2025-05-12 21:41:34,091:WARNING:
'catboost' is a soft dependency and not included in the pycaret installation. Please run: `pip install catboost` to install.
Alternately, you can install this by running `pip install pycaret[models]`
2025-05-12 21:41:34,165:INFO:Engine for model 'svm' has not been set explicitly, hence returning None.
2025-05-12 21:41:34,222:INFO:Engine for model 'knn' has not been set explicitly, hence returning None.
2025-05-12 21:41:34,228:WARNING:
'xgboost' is a soft dependency and not included in the pycaret installation. Please run: `pip install xgboost` to install.
Alternately, you can install this by running `pip install pycaret[models]`
2025-05-12 21:41:34,228:WARNING:
'catboost' is a soft dependency and not included in the pycaret installation. Please run: `pip install catboost` to install.
Alternately, you can install this by running `pip install pycaret[models]`
2025-05-12 21:41:34,228:INFO:Engine successfully changes for model 'knn' to 'sklearn'.
2025-05-12 21:41:34,324:INFO:Engine for model 'svm' has not been set explicitly, hence returning None.
2025-05-12 21:41:34,394:WARNING:
'xgboost' is a soft dependency and not included in the pycaret installation. Please run: `pip install xgboost` to install.
Alternately, you can install this by running `pip install pycaret[models]`
2025-05-12 21:41:34,396:WARNING:
'catboost' is a soft dependency and not included in the pycaret installation. Please run: `pip install catboost` to install.
Alternately, you can install this by running `pip install pycaret[models]`
2025-05-12 21:41:34,485:INFO:Engine for model 'svm' has not been set explicitly, hence returning None.
2025-05-12 21:41:34,558:WARNING:
'xgboost' is a soft dependency and not included in the pycaret installation. Please run: `pip install xgboost` to install.
Alternately, you can install this by running `pip install pycaret[models]`
2025-05-12 21:41:34,559:WARNING:
'catboost' is a soft dependency and not included in the pycaret installation. Please run: `pip install catboost` to install.
Alternately, you can install this by running `pip install pycaret[models]`
2025-05-12 21:41:34,559:INFO:Engine successfully changes for model 'svm' to 'sklearn'.
2025-05-12 21:41:34,672:WARNING:
'xgboost' is a soft dependency and not included in the pycaret installation. Please run: `pip install xgboost` to install.
Alternately, you can install this by running `pip install pycaret[models]`
2025-05-12 21:41:34,672:WARNING:
'catboost' is a soft dependency and not included in the pycaret installation. Please run: `pip install catboost` to install.
Alternately, you can install this by running `pip install pycaret[models]`
2025-05-12 21:41:34,780:WARNING:
'xgboost' is a soft dependency and not included in the pycaret installation. Please run: `pip install xgboost` to install.
Alternately, you can install this by running `pip install pycaret[models]`
2025-05-12 21:41:34,781:WARNING:
'catboost' is a soft dependency and not included in the pycaret installation. Please run: `pip install catboost` to install.
Alternately, you can install this by running `pip install pycaret[models]`
2025-05-12 21:41:34,783:INFO:Preparing preprocessing pipeline...
2025-05-12 21:41:34,783:INFO:Set up simple imputation.
2025-05-12 21:41:34,788:INFO:Set up encoding of categorical features.
2025-05-12 21:41:34,789:INFO:Set up feature normalization.
2025-05-12 21:41:34,845:INFO:Finished creating preprocessing pipeline.
2025-05-12 21:41:34,854:INFO:Pipeline: Pipeline(memory=FastMemory(location=C:\Users\RAUL\AppData\Local\Temp\joblib),
         steps=[('numerical_imputer',
                 TransformerWrapper(include=['area_m2', 'num_habitaciones',
                                             'num_banos', 'antiguedad_anos',
                                             'vista_mar'],
                                    transformer=SimpleImputer())),
                ('categorical_imputer',
                 TransformerWrapper(include=['distrito'],
                                    transformer=SimpleImputer(strategy='most_frequent'))),
                ('onehot_encoding',
                 TransformerWrapper(include=['distrito'],
                                    transformer=OneHotEncoder(cols=['distrito'],
                                                              handle_missing='return_nan',
                                                              use_cat_names=True))),
                ('normalize',
                 TransformerWrapper(transformer=StandardScaler()))])
2025-05-12 21:41:34,854:INFO:Creating final display dataframe.
2025-05-12 21:41:34,997:INFO:Setup _display_container:                     Description             Value
0                    Session id               123
1                        Target            precio
2                   Target type        Regression
3           Original data shape          (100, 7)
4        Transformed data shape         (100, 10)
5   Transformed train set shape          (70, 10)
6    Transformed test set shape          (30, 10)
7              Numeric features                 5
8          Categorical features                 1
9                    Preprocess              True
10              Imputation type            simple
11           Numeric imputation              mean
12       Categorical imputation              mode
13     Maximum one-hot encoding                25
14              Encoding method              None
15                    Normalize              True
16             Normalize method            zscore
17               Fold Generator             KFold
18                  Fold Number                10
19                     CPU Jobs                -1
20                      Use GPU             False
21               Log Experiment             False
22              Experiment Name  reg-default-name
23                          USI              a710
2025-05-12 21:41:35,121:WARNING:
'xgboost' is a soft dependency and not included in the pycaret installation. Please run: `pip install xgboost` to install.
Alternately, you can install this by running `pip install pycaret[models]`
2025-05-12 21:41:35,122:WARNING:
'catboost' is a soft dependency and not included in the pycaret installation. Please run: `pip install catboost` to install.
Alternately, you can install this by running `pip install pycaret[models]`
2025-05-12 21:41:35,231:WARNING:
'xgboost' is a soft dependency and not included in the pycaret installation. Please run: `pip install xgboost` to install.
Alternately, you can install this by running `pip install pycaret[models]`
2025-05-12 21:41:35,231:WARNING:
'catboost' is a soft dependency and not included in the pycaret installation. Please run: `pip install catboost` to install.
Alternately, you can install this by running `pip install pycaret[models]`
2025-05-12 21:41:35,232:INFO:setup() successfully completed in 2.49s...............
2025-05-12 21:41:57,222:INFO:Initializing compare_models()
2025-05-12 21:41:57,222:INFO:compare_models(self=<pycaret.regression.oop.RegressionExperiment object at 0x0000021218DEF710>, include=None, exclude=None, fold=None, round=4, cross_validation=True, sort=R2, n_select=1, budget_time=None, turbo=True, errors=ignore, fit_kwargs=None, groups=None, experiment_custom_tags=None, probability_threshold=None, verbose=True, parallel=None, caller_params={'self': <pycaret.regression.oop.RegressionExperiment object at 0x0000021218DEF710>, 'include': None, 'exclude': None, 'fold': None, 'round': 4, 'cross_validation': True, 'sort': 'R2', 'n_select': 1, 'budget_time': None, 'turbo': True, 'errors': 'ignore', 'fit_kwargs': None, 'groups': None, 'experiment_custom_tags': None, 'engine': None, 'verbose': True, 'parallel': None, '__class__': <class 'pycaret.regression.oop.RegressionExperiment'>})
2025-05-12 21:41:57,222:INFO:Checking exceptions
2025-05-12 21:41:57,226:INFO:Preparing display monitor
2025-05-12 21:41:57,284:INFO:Initializing Linear Regression
2025-05-12 21:41:57,284:INFO:Total runtime is 0.0 minutes
2025-05-12 21:41:57,294:INFO:SubProcess create_model() called ==================================
2025-05-12 21:41:57,296:INFO:Initializing create_model()
2025-05-12 21:41:57,296:INFO:create_model(self=<pycaret.regression.oop.RegressionExperiment object at 0x0000021218DEF710>, estimator=lr, fold=KFold(n_splits=10, random_state=None, shuffle=False), round=4, cross_validation=True, predict=True, fit_kwargs={}, groups=None, refit=False, probability_threshold=None, experiment_custom_tags=None, verbose=False, system=False, add_to_model_list=True, metrics=None, display=<pycaret.internal.display.display.CommonDisplay object at 0x0000021274EB5F50>, model_only=True, return_train_score=False, error_score=0.0, kwargs={})
2025-05-12 21:41:57,296:INFO:Checking exceptions
2025-05-12 21:41:57,296:INFO:Importing libraries
2025-05-12 21:41:57,297:INFO:Copying training dataset
2025-05-12 21:41:57,305:INFO:Defining folds
2025-05-12 21:41:57,305:INFO:Declaring metric variables
2025-05-12 21:41:57,316:INFO:Importing untrained model
2025-05-12 21:41:57,322:INFO:Linear Regression Imported successfully
2025-05-12 21:41:57,331:INFO:Starting cross validation
2025-05-12 21:41:57,342:INFO:Cross validating with KFold(n_splits=10, random_state=None, shuffle=False), n_jobs=-1
2025-05-12 21:42:11,081:INFO:Calculating mean and std
2025-05-12 21:42:11,084:INFO:Creating metrics dataframe
2025-05-12 21:42:11,088:INFO:Uploading results into container
2025-05-12 21:42:11,090:INFO:Uploading model into container now
2025-05-12 21:42:11,091:INFO:_master_model_container: 1
2025-05-12 21:42:11,092:INFO:_display_container: 2
2025-05-12 21:42:11,092:INFO:LinearRegression(n_jobs=-1)
2025-05-12 21:42:11,093:INFO:create_model() successfully completed......................................
2025-05-12 21:42:11,203:INFO:SubProcess create_model() end ==================================
2025-05-12 21:42:11,203:INFO:Creating metrics dataframe
2025-05-12 21:42:11,214:INFO:Initializing Lasso Regression
2025-05-12 21:42:11,215:INFO:Total runtime is 0.23218616247177123 minutes
2025-05-12 21:42:11,223:INFO:SubProcess create_model() called ==================================
2025-05-12 21:42:11,223:INFO:Initializing create_model()
2025-05-12 21:42:11,223:INFO:create_model(self=<pycaret.regression.oop.RegressionExperiment object at 0x0000021218DEF710>, estimator=lasso, fold=KFold(n_splits=10, random_state=None, shuffle=False), round=4, cross_validation=True, predict=True, fit_kwargs={}, groups=None, refit=False, probability_threshold=None, experiment_custom_tags=None, verbose=False, system=False, add_to_model_list=True, metrics=None, display=<pycaret.internal.display.display.CommonDisplay object at 0x0000021274EB5F50>, model_only=True, return_train_score=False, error_score=0.0, kwargs={})
2025-05-12 21:42:11,224:INFO:Checking exceptions
2025-05-12 21:42:11,224:INFO:Importing libraries
2025-05-12 21:42:11,224:INFO:Copying training dataset
2025-05-12 21:42:11,231:INFO:Defining folds
2025-05-12 21:42:11,231:INFO:Declaring metric variables
2025-05-12 21:42:11,238:INFO:Importing untrained model
2025-05-12 21:42:11,244:INFO:Lasso Regression Imported successfully
2025-05-12 21:42:11,258:INFO:Starting cross validation
2025-05-12 21:42:11,262:INFO:Cross validating with KFold(n_splits=10, random_state=None, shuffle=False), n_jobs=-1
2025-05-12 21:42:11,602:INFO:Calculating mean and std
2025-05-12 21:42:11,604:INFO:Creating metrics dataframe
2025-05-12 21:42:11,609:INFO:Uploading results into container
2025-05-12 21:42:11,611:INFO:Uploading model into container now
2025-05-12 21:42:11,611:INFO:_master_model_container: 2
2025-05-12 21:42:11,611:INFO:_display_container: 2
2025-05-12 21:42:11,612:INFO:Lasso(random_state=123)
2025-05-12 21:42:11,612:INFO:create_model() successfully completed......................................
2025-05-12 21:42:11,705:INFO:SubProcess create_model() end ==================================
2025-05-12 21:42:11,705:INFO:Creating metrics dataframe
2025-05-12 21:42:11,715:INFO:Initializing Ridge Regression
2025-05-12 21:42:11,716:INFO:Total runtime is 0.2405272841453552 minutes
2025-05-12 21:42:11,722:INFO:SubProcess create_model() called ==================================
2025-05-12 21:42:11,723:INFO:Initializing create_model()
2025-05-12 21:42:11,723:INFO:create_model(self=<pycaret.regression.oop.RegressionExperiment object at 0x0000021218DEF710>, estimator=ridge, fold=KFold(n_splits=10, random_state=None, shuffle=False), round=4, cross_validation=True, predict=True, fit_kwargs={}, groups=None, refit=False, probability_threshold=None, experiment_custom_tags=None, verbose=False, system=False, add_to_model_list=True, metrics=None, display=<pycaret.internal.display.display.CommonDisplay object at 0x0000021274EB5F50>, model_only=True, return_train_score=False, error_score=0.0, kwargs={})
2025-05-12 21:42:11,723:INFO:Checking exceptions
2025-05-12 21:42:11,723:INFO:Importing libraries
2025-05-12 21:42:11,723:INFO:Copying training dataset
2025-05-12 21:42:11,730:INFO:Defining folds
2025-05-12 21:42:11,730:INFO:Declaring metric variables
2025-05-12 21:42:11,736:INFO:Importing untrained model
2025-05-12 21:42:11,746:INFO:Ridge Regression Imported successfully
2025-05-12 21:42:11,761:INFO:Starting cross validation
2025-05-12 21:42:11,766:INFO:Cross validating with KFold(n_splits=10, random_state=None, shuffle=False), n_jobs=-1
2025-05-12 21:42:12,120:INFO:Calculating mean and std
2025-05-12 21:42:12,122:INFO:Creating metrics dataframe
2025-05-12 21:42:12,125:INFO:Uploading results into container
2025-05-12 21:42:12,126:INFO:Uploading model into container now
2025-05-12 21:42:12,127:INFO:_master_model_container: 3
2025-05-12 21:42:12,127:INFO:_display_container: 2
2025-05-12 21:42:12,128:INFO:Ridge(random_state=123)
2025-05-12 21:42:12,128:INFO:create_model() successfully completed......................................
2025-05-12 21:42:12,238:INFO:SubProcess create_model() end ==================================
2025-05-12 21:42:12,238:INFO:Creating metrics dataframe
2025-05-12 21:42:12,252:INFO:Initializing Elastic Net
2025-05-12 21:42:12,252:INFO:Total runtime is 0.24947164853413897 minutes
2025-05-12 21:42:12,260:INFO:SubProcess create_model() called ==================================
2025-05-12 21:42:12,260:INFO:Initializing create_model()
2025-05-12 21:42:12,260:INFO:create_model(self=<pycaret.regression.oop.RegressionExperiment object at 0x0000021218DEF710>, estimator=en, fold=KFold(n_splits=10, random_state=None, shuffle=False), round=4, cross_validation=True, predict=True, fit_kwargs={}, groups=None, refit=False, probability_threshold=None, experiment_custom_tags=None, verbose=False, system=False, add_to_model_list=True, metrics=None, display=<pycaret.internal.display.display.CommonDisplay object at 0x0000021274EB5F50>, model_only=True, return_train_score=False, error_score=0.0, kwargs={})
2025-05-12 21:42:12,261:INFO:Checking exceptions
2025-05-12 21:42:12,261:INFO:Importing libraries
2025-05-12 21:42:12,261:INFO:Copying training dataset
2025-05-12 21:42:12,271:INFO:Defining folds
2025-05-12 21:42:12,271:INFO:Declaring metric variables
2025-05-12 21:42:12,277:INFO:Importing untrained model
2025-05-12 21:42:12,288:INFO:Elastic Net Imported successfully
2025-05-12 21:42:12,299:INFO:Starting cross validation
2025-05-12 21:42:12,302:INFO:Cross validating with KFold(n_splits=10, random_state=None, shuffle=False), n_jobs=-1
2025-05-12 21:42:12,621:INFO:Calculating mean and std
2025-05-12 21:42:12,623:INFO:Creating metrics dataframe
2025-05-12 21:42:12,625:INFO:Uploading results into container
2025-05-12 21:42:12,626:INFO:Uploading model into container now
2025-05-12 21:42:12,626:INFO:_master_model_container: 4
2025-05-12 21:42:12,626:INFO:_display_container: 2
2025-05-12 21:42:12,627:INFO:ElasticNet(random_state=123)
2025-05-12 21:42:12,627:INFO:create_model() successfully completed......................................
2025-05-12 21:42:12,712:INFO:SubProcess create_model() end ==================================
2025-05-12 21:42:12,712:INFO:Creating metrics dataframe
2025-05-12 21:42:12,722:INFO:Initializing Least Angle Regression
2025-05-12 21:42:12,723:INFO:Total runtime is 0.25730806191762284 minutes
2025-05-12 21:42:12,728:INFO:SubProcess create_model() called ==================================
2025-05-12 21:42:12,729:INFO:Initializing create_model()
2025-05-12 21:42:12,729:INFO:create_model(self=<pycaret.regression.oop.RegressionExperiment object at 0x0000021218DEF710>, estimator=lar, fold=KFold(n_splits=10, random_state=None, shuffle=False), round=4, cross_validation=True, predict=True, fit_kwargs={}, groups=None, refit=False, probability_threshold=None, experiment_custom_tags=None, verbose=False, system=False, add_to_model_list=True, metrics=None, display=<pycaret.internal.display.display.CommonDisplay object at 0x0000021274EB5F50>, model_only=True, return_train_score=False, error_score=0.0, kwargs={})
2025-05-12 21:42:12,729:INFO:Checking exceptions
2025-05-12 21:42:12,729:INFO:Importing libraries
2025-05-12 21:42:12,729:INFO:Copying training dataset
2025-05-12 21:42:12,739:INFO:Defining folds
2025-05-12 21:42:12,739:INFO:Declaring metric variables
2025-05-12 21:42:12,744:INFO:Importing untrained model
2025-05-12 21:42:12,753:INFO:Least Angle Regression Imported successfully
2025-05-12 21:42:12,764:INFO:Starting cross validation
2025-05-12 21:42:12,769:INFO:Cross validating with KFold(n_splits=10, random_state=None, shuffle=False), n_jobs=-1
2025-05-12 21:42:13,162:INFO:Calculating mean and std
2025-05-12 21:42:13,164:INFO:Creating metrics dataframe
2025-05-12 21:42:13,168:INFO:Uploading results into container
2025-05-12 21:42:13,169:INFO:Uploading model into container now
2025-05-12 21:42:13,170:INFO:_master_model_container: 5
2025-05-12 21:42:13,170:INFO:_display_container: 2
2025-05-12 21:42:13,171:INFO:Lars(random_state=123)
2025-05-12 21:42:13,171:INFO:create_model() successfully completed......................................
2025-05-12 21:42:13,274:INFO:SubProcess create_model() end ==================================
2025-05-12 21:42:13,274:INFO:Creating metrics dataframe
2025-05-12 21:42:13,289:INFO:Initializing Lasso Least Angle Regression
2025-05-12 21:42:13,289:INFO:Total runtime is 0.26675569216410316 minutes
2025-05-12 21:42:13,294:INFO:SubProcess create_model() called ==================================
2025-05-12 21:42:13,296:INFO:Initializing create_model()
2025-05-12 21:42:13,297:INFO:create_model(self=<pycaret.regression.oop.RegressionExperiment object at 0x0000021218DEF710>, estimator=llar, fold=KFold(n_splits=10, random_state=None, shuffle=False), round=4, cross_validation=True, predict=True, fit_kwargs={}, groups=None, refit=False, probability_threshold=None, experiment_custom_tags=None, verbose=False, system=False, add_to_model_list=True, metrics=None, display=<pycaret.internal.display.display.CommonDisplay object at 0x0000021274EB5F50>, model_only=True, return_train_score=False, error_score=0.0, kwargs={})
2025-05-12 21:42:13,297:INFO:Checking exceptions
2025-05-12 21:42:13,298:INFO:Importing libraries
2025-05-12 21:42:13,298:INFO:Copying training dataset
2025-05-12 21:42:13,310:INFO:Defining folds
2025-05-12 21:42:13,311:INFO:Declaring metric variables
2025-05-12 21:42:13,321:INFO:Importing untrained model
2025-05-12 21:42:13,330:INFO:Lasso Least Angle Regression Imported successfully
2025-05-12 21:42:13,343:INFO:Starting cross validation
2025-05-12 21:42:13,345:INFO:Cross validating with KFold(n_splits=10, random_state=None, shuffle=False), n_jobs=-1
2025-05-12 21:42:13,653:INFO:Calculating mean and std
2025-05-12 21:42:13,656:INFO:Creating metrics dataframe
2025-05-12 21:42:13,660:INFO:Uploading results into container
2025-05-12 21:42:13,661:INFO:Uploading model into container now
2025-05-12 21:42:13,662:INFO:_master_model_container: 6
2025-05-12 21:42:13,662:INFO:_display_container: 2
2025-05-12 21:42:13,663:INFO:LassoLars(random_state=123)
2025-05-12 21:42:13,663:INFO:create_model() successfully completed......................................
2025-05-12 21:42:13,765:INFO:SubProcess create_model() end ==================================
2025-05-12 21:42:13,765:INFO:Creating metrics dataframe
2025-05-12 21:42:13,779:INFO:Initializing Orthogonal Matching Pursuit
2025-05-12 21:42:13,779:INFO:Total runtime is 0.27492601474126177 minutes
2025-05-12 21:42:13,786:INFO:SubProcess create_model() called ==================================
2025-05-12 21:42:13,787:INFO:Initializing create_model()
2025-05-12 21:42:13,787:INFO:create_model(self=<pycaret.regression.oop.RegressionExperiment object at 0x0000021218DEF710>, estimator=omp, fold=KFold(n_splits=10, random_state=None, shuffle=False), round=4, cross_validation=True, predict=True, fit_kwargs={}, groups=None, refit=False, probability_threshold=None, experiment_custom_tags=None, verbose=False, system=False, add_to_model_list=True, metrics=None, display=<pycaret.internal.display.display.CommonDisplay object at 0x0000021274EB5F50>, model_only=True, return_train_score=False, error_score=0.0, kwargs={})
2025-05-12 21:42:13,787:INFO:Checking exceptions
2025-05-12 21:42:13,788:INFO:Importing libraries
2025-05-12 21:42:13,788:INFO:Copying training dataset
2025-05-12 21:42:13,799:INFO:Defining folds
2025-05-12 21:42:13,799:INFO:Declaring metric variables
2025-05-12 21:42:13,810:INFO:Importing untrained model
2025-05-12 21:42:13,820:INFO:Orthogonal Matching Pursuit Imported successfully
2025-05-12 21:42:13,840:INFO:Starting cross validation
2025-05-12 21:42:13,842:INFO:Cross validating with KFold(n_splits=10, random_state=None, shuffle=False), n_jobs=-1
2025-05-12 21:42:14,188:INFO:Calculating mean and std
2025-05-12 21:42:14,190:INFO:Creating metrics dataframe
2025-05-12 21:42:14,193:INFO:Uploading results into container
2025-05-12 21:42:14,194:INFO:Uploading model into container now
2025-05-12 21:42:14,195:INFO:_master_model_container: 7
2025-05-12 21:42:14,195:INFO:_display_container: 2
2025-05-12 21:42:14,196:INFO:OrthogonalMatchingPursuit()
2025-05-12 21:42:14,196:INFO:create_model() successfully completed......................................
2025-05-12 21:42:14,286:INFO:SubProcess create_model() end ==================================
2025-05-12 21:42:14,286:INFO:Creating metrics dataframe
2025-05-12 21:42:14,297:INFO:Initializing Bayesian Ridge
2025-05-12 21:42:14,298:INFO:Total runtime is 0.2835631728172302 minutes
2025-05-12 21:42:14,304:INFO:SubProcess create_model() called ==================================
2025-05-12 21:42:14,304:INFO:Initializing create_model()
2025-05-12 21:42:14,304:INFO:create_model(self=<pycaret.regression.oop.RegressionExperiment object at 0x0000021218DEF710>, estimator=br, fold=KFold(n_splits=10, random_state=None, shuffle=False), round=4, cross_validation=True, predict=True, fit_kwargs={}, groups=None, refit=False, probability_threshold=None, experiment_custom_tags=None, verbose=False, system=False, add_to_model_list=True, metrics=None, display=<pycaret.internal.display.display.CommonDisplay object at 0x0000021274EB5F50>, model_only=True, return_train_score=False, error_score=0.0, kwargs={})
2025-05-12 21:42:14,304:INFO:Checking exceptions
2025-05-12 21:42:14,305:INFO:Importing libraries
2025-05-12 21:42:14,305:INFO:Copying training dataset
2025-05-12 21:42:14,311:INFO:Defining folds
2025-05-12 21:42:14,311:INFO:Declaring metric variables
2025-05-12 21:42:14,318:INFO:Importing untrained model
2025-05-12 21:42:14,326:INFO:Bayesian Ridge Imported successfully
2025-05-12 21:42:14,341:INFO:Starting cross validation
2025-05-12 21:42:14,343:INFO:Cross validating with KFold(n_splits=10, random_state=None, shuffle=False), n_jobs=-1
2025-05-12 21:42:14,646:INFO:Calculating mean and std
2025-05-12 21:42:14,649:INFO:Creating metrics dataframe
2025-05-12 21:42:14,652:INFO:Uploading results into container
2025-05-12 21:42:14,654:INFO:Uploading model into container now
2025-05-12 21:42:14,655:INFO:_master_model_container: 8
2025-05-12 21:42:14,655:INFO:_display_container: 2
2025-05-12 21:42:14,655:INFO:BayesianRidge()
2025-05-12 21:42:14,655:INFO:create_model() successfully completed......................................
2025-05-12 21:42:14,746:INFO:SubProcess create_model() end ==================================
2025-05-12 21:42:14,746:INFO:Creating metrics dataframe
2025-05-12 21:42:14,760:INFO:Initializing Passive Aggressive Regressor
2025-05-12 21:42:14,761:INFO:Total runtime is 0.2912874658902486 minutes
2025-05-12 21:42:14,768:INFO:SubProcess create_model() called ==================================
2025-05-12 21:42:14,769:INFO:Initializing create_model()
2025-05-12 21:42:14,769:INFO:create_model(self=<pycaret.regression.oop.RegressionExperiment object at 0x0000021218DEF710>, estimator=par, fold=KFold(n_splits=10, random_state=None, shuffle=False), round=4, cross_validation=True, predict=True, fit_kwargs={}, groups=None, refit=False, probability_threshold=None, experiment_custom_tags=None, verbose=False, system=False, add_to_model_list=True, metrics=None, display=<pycaret.internal.display.display.CommonDisplay object at 0x0000021274EB5F50>, model_only=True, return_train_score=False, error_score=0.0, kwargs={})
2025-05-12 21:42:14,769:INFO:Checking exceptions
2025-05-12 21:42:14,769:INFO:Importing libraries
2025-05-12 21:42:14,770:INFO:Copying training dataset
2025-05-12 21:42:14,782:INFO:Defining folds
2025-05-12 21:42:14,783:INFO:Declaring metric variables
2025-05-12 21:42:14,789:INFO:Importing untrained model
2025-05-12 21:42:14,798:INFO:Passive Aggressive Regressor Imported successfully
2025-05-12 21:42:14,810:INFO:Starting cross validation
2025-05-12 21:42:14,812:INFO:Cross validating with KFold(n_splits=10, random_state=None, shuffle=False), n_jobs=-1
2025-05-12 21:42:14,965:WARNING:c:\Users\RAUL\AppData\Local\Programs\Python\Python311\Lib\site-packages\sklearn\linear_model\_stochastic_gradient.py:1575: ConvergenceWarning: Maximum number of iteration reached before convergence. Consider increasing max_iter to improve the fit.
  warnings.warn(

2025-05-12 21:42:14,965:WARNING:c:\Users\RAUL\AppData\Local\Programs\Python\Python311\Lib\site-packages\sklearn\linear_model\_stochastic_gradient.py:1575: ConvergenceWarning: Maximum number of iteration reached before convergence. Consider increasing max_iter to improve the fit.
  warnings.warn(

2025-05-12 21:42:14,965:WARNING:c:\Users\RAUL\AppData\Local\Programs\Python\Python311\Lib\site-packages\sklearn\linear_model\_stochastic_gradient.py:1575: ConvergenceWarning: Maximum number of iteration reached before convergence. Consider increasing max_iter to improve the fit.
  warnings.warn(

2025-05-12 21:42:14,966:WARNING:c:\Users\RAUL\AppData\Local\Programs\Python\Python311\Lib\site-packages\sklearn\linear_model\_stochastic_gradient.py:1575: ConvergenceWarning: Maximum number of iteration reached before convergence. Consider increasing max_iter to improve the fit.
  warnings.warn(

2025-05-12 21:42:14,967:WARNING:c:\Users\RAUL\AppData\Local\Programs\Python\Python311\Lib\site-packages\sklearn\linear_model\_stochastic_gradient.py:1575: ConvergenceWarning: Maximum number of iteration reached before convergence. Consider increasing max_iter to improve the fit.
  warnings.warn(

2025-05-12 21:42:14,980:WARNING:c:\Users\RAUL\AppData\Local\Programs\Python\Python311\Lib\site-packages\sklearn\linear_model\_stochastic_gradient.py:1575: ConvergenceWarning: Maximum number of iteration reached before convergence. Consider increasing max_iter to improve the fit.
  warnings.warn(

2025-05-12 21:42:15,077:WARNING:c:\Users\RAUL\AppData\Local\Programs\Python\Python311\Lib\site-packages\sklearn\linear_model\_stochastic_gradient.py:1575: ConvergenceWarning: Maximum number of iteration reached before convergence. Consider increasing max_iter to improve the fit.
  warnings.warn(

2025-05-12 21:42:15,084:WARNING:c:\Users\RAUL\AppData\Local\Programs\Python\Python311\Lib\site-packages\sklearn\linear_model\_stochastic_gradient.py:1575: ConvergenceWarning: Maximum number of iteration reached before convergence. Consider increasing max_iter to improve the fit.
  warnings.warn(

2025-05-12 21:42:15,120:INFO:Calculating mean and std
2025-05-12 21:42:15,123:INFO:Creating metrics dataframe
2025-05-12 21:42:15,126:INFO:Uploading results into container
2025-05-12 21:42:15,127:INFO:Uploading model into container now
2025-05-12 21:42:15,128:INFO:_master_model_container: 9
2025-05-12 21:42:15,129:INFO:_display_container: 2
2025-05-12 21:42:15,129:INFO:PassiveAggressiveRegressor(random_state=123)
2025-05-12 21:42:15,130:INFO:create_model() successfully completed......................................
2025-05-12 21:42:15,219:INFO:SubProcess create_model() end ==================================
2025-05-12 21:42:15,219:INFO:Creating metrics dataframe
2025-05-12 21:42:15,230:INFO:Initializing Huber Regressor
2025-05-12 21:42:15,231:INFO:Total runtime is 0.2991190433502197 minutes
2025-05-12 21:42:15,237:INFO:SubProcess create_model() called ==================================
2025-05-12 21:42:15,238:INFO:Initializing create_model()
2025-05-12 21:42:15,238:INFO:create_model(self=<pycaret.regression.oop.RegressionExperiment object at 0x0000021218DEF710>, estimator=huber, fold=KFold(n_splits=10, random_state=None, shuffle=False), round=4, cross_validation=True, predict=True, fit_kwargs={}, groups=None, refit=False, probability_threshold=None, experiment_custom_tags=None, verbose=False, system=False, add_to_model_list=True, metrics=None, display=<pycaret.internal.display.display.CommonDisplay object at 0x0000021274EB5F50>, model_only=True, return_train_score=False, error_score=0.0, kwargs={})
2025-05-12 21:42:15,238:INFO:Checking exceptions
2025-05-12 21:42:15,238:INFO:Importing libraries
2025-05-12 21:42:15,238:INFO:Copying training dataset
2025-05-12 21:42:15,244:INFO:Defining folds
2025-05-12 21:42:15,244:INFO:Declaring metric variables
2025-05-12 21:42:15,250:INFO:Importing untrained model
2025-05-12 21:42:15,257:INFO:Huber Regressor Imported successfully
2025-05-12 21:42:15,269:INFO:Starting cross validation
2025-05-12 21:42:15,271:INFO:Cross validating with KFold(n_splits=10, random_state=None, shuffle=False), n_jobs=-1
2025-05-12 21:42:15,606:INFO:Calculating mean and std
2025-05-12 21:42:15,608:INFO:Creating metrics dataframe
2025-05-12 21:42:15,612:INFO:Uploading results into container
2025-05-12 21:42:15,612:INFO:Uploading model into container now
2025-05-12 21:42:15,613:INFO:_master_model_container: 10
2025-05-12 21:42:15,613:INFO:_display_container: 2
2025-05-12 21:42:15,614:INFO:HuberRegressor()
2025-05-12 21:42:15,614:INFO:create_model() successfully completed......................................
2025-05-12 21:42:15,718:INFO:SubProcess create_model() end ==================================
2025-05-12 21:42:15,718:INFO:Creating metrics dataframe
2025-05-12 21:42:15,736:INFO:Initializing K Neighbors Regressor
2025-05-12 21:42:15,736:INFO:Total runtime is 0.3075305501619975 minutes
2025-05-12 21:42:15,742:INFO:SubProcess create_model() called ==================================
2025-05-12 21:42:15,742:INFO:Initializing create_model()
2025-05-12 21:42:15,743:INFO:create_model(self=<pycaret.regression.oop.RegressionExperiment object at 0x0000021218DEF710>, estimator=knn, fold=KFold(n_splits=10, random_state=None, shuffle=False), round=4, cross_validation=True, predict=True, fit_kwargs={}, groups=None, refit=False, probability_threshold=None, experiment_custom_tags=None, verbose=False, system=False, add_to_model_list=True, metrics=None, display=<pycaret.internal.display.display.CommonDisplay object at 0x0000021274EB5F50>, model_only=True, return_train_score=False, error_score=0.0, kwargs={})
2025-05-12 21:42:15,743:INFO:Checking exceptions
2025-05-12 21:42:15,743:INFO:Importing libraries
2025-05-12 21:42:15,743:INFO:Copying training dataset
2025-05-12 21:42:15,752:INFO:Defining folds
2025-05-12 21:42:15,752:INFO:Declaring metric variables
2025-05-12 21:42:15,760:INFO:Importing untrained model
2025-05-12 21:42:15,769:INFO:K Neighbors Regressor Imported successfully
2025-05-12 21:42:15,784:INFO:Starting cross validation
2025-05-12 21:42:15,786:INFO:Cross validating with KFold(n_splits=10, random_state=None, shuffle=False), n_jobs=-1
2025-05-12 21:42:16,168:INFO:Calculating mean and std
2025-05-12 21:42:16,172:INFO:Creating metrics dataframe
2025-05-12 21:42:16,179:INFO:Uploading results into container
2025-05-12 21:42:16,180:INFO:Uploading model into container now
2025-05-12 21:42:16,181:INFO:_master_model_container: 11
2025-05-12 21:42:16,181:INFO:_display_container: 2
2025-05-12 21:42:16,182:INFO:KNeighborsRegressor(n_jobs=-1)
2025-05-12 21:42:16,182:INFO:create_model() successfully completed......................................
2025-05-12 21:42:16,262:INFO:SubProcess create_model() end ==================================
2025-05-12 21:42:16,262:INFO:Creating metrics dataframe
2025-05-12 21:42:16,275:INFO:Initializing Decision Tree Regressor
2025-05-12 21:42:16,276:INFO:Total runtime is 0.31653995911280314 minutes
2025-05-12 21:42:16,280:INFO:SubProcess create_model() called ==================================
2025-05-12 21:42:16,280:INFO:Initializing create_model()
2025-05-12 21:42:16,280:INFO:create_model(self=<pycaret.regression.oop.RegressionExperiment object at 0x0000021218DEF710>, estimator=dt, fold=KFold(n_splits=10, random_state=None, shuffle=False), round=4, cross_validation=True, predict=True, fit_kwargs={}, groups=None, refit=False, probability_threshold=None, experiment_custom_tags=None, verbose=False, system=False, add_to_model_list=True, metrics=None, display=<pycaret.internal.display.display.CommonDisplay object at 0x0000021274EB5F50>, model_only=True, return_train_score=False, error_score=0.0, kwargs={})
2025-05-12 21:42:16,281:INFO:Checking exceptions
2025-05-12 21:42:16,281:INFO:Importing libraries
2025-05-12 21:42:16,281:INFO:Copying training dataset
2025-05-12 21:42:16,287:INFO:Defining folds
2025-05-12 21:42:16,288:INFO:Declaring metric variables
2025-05-12 21:42:16,293:INFO:Importing untrained model
2025-05-12 21:42:16,301:INFO:Decision Tree Regressor Imported successfully
2025-05-12 21:42:16,352:INFO:Starting cross validation
2025-05-12 21:42:16,355:INFO:Cross validating with KFold(n_splits=10, random_state=None, shuffle=False), n_jobs=-1
2025-05-12 21:42:16,683:INFO:Calculating mean and std
2025-05-12 21:42:16,685:INFO:Creating metrics dataframe
2025-05-12 21:42:16,690:INFO:Uploading results into container
2025-05-12 21:42:16,691:INFO:Uploading model into container now
2025-05-12 21:42:16,691:INFO:_master_model_container: 12
2025-05-12 21:42:16,692:INFO:_display_container: 2
2025-05-12 21:42:16,693:INFO:DecisionTreeRegressor(random_state=123)
2025-05-12 21:42:16,693:INFO:create_model() successfully completed......................................
2025-05-12 21:42:16,787:INFO:SubProcess create_model() end ==================================
2025-05-12 21:42:16,788:INFO:Creating metrics dataframe
2025-05-12 21:42:16,802:INFO:Initializing Random Forest Regressor
2025-05-12 21:42:16,802:INFO:Total runtime is 0.3253070036570231 minutes
2025-05-12 21:42:16,808:INFO:SubProcess create_model() called ==================================
2025-05-12 21:42:16,809:INFO:Initializing create_model()
2025-05-12 21:42:16,809:INFO:create_model(self=<pycaret.regression.oop.RegressionExperiment object at 0x0000021218DEF710>, estimator=rf, fold=KFold(n_splits=10, random_state=None, shuffle=False), round=4, cross_validation=True, predict=True, fit_kwargs={}, groups=None, refit=False, probability_threshold=None, experiment_custom_tags=None, verbose=False, system=False, add_to_model_list=True, metrics=None, display=<pycaret.internal.display.display.CommonDisplay object at 0x0000021274EB5F50>, model_only=True, return_train_score=False, error_score=0.0, kwargs={})
2025-05-12 21:42:16,809:INFO:Checking exceptions
2025-05-12 21:42:16,809:INFO:Importing libraries
2025-05-12 21:42:16,810:INFO:Copying training dataset
2025-05-12 21:42:16,817:INFO:Defining folds
2025-05-12 21:42:16,817:INFO:Declaring metric variables
2025-05-12 21:42:16,824:INFO:Importing untrained model
2025-05-12 21:42:16,834:INFO:Random Forest Regressor Imported successfully
2025-05-12 21:42:16,850:INFO:Starting cross validation
2025-05-12 21:42:16,854:INFO:Cross validating with KFold(n_splits=10, random_state=None, shuffle=False), n_jobs=-1
2025-05-12 21:42:18,063:INFO:Calculating mean and std
2025-05-12 21:42:18,066:INFO:Creating metrics dataframe
2025-05-12 21:42:18,072:INFO:Uploading results into container
2025-05-12 21:42:18,073:INFO:Uploading model into container now
2025-05-12 21:42:18,074:INFO:_master_model_container: 13
2025-05-12 21:42:18,074:INFO:_display_container: 2
2025-05-12 21:42:18,075:INFO:RandomForestRegressor(n_jobs=-1, random_state=123)
2025-05-12 21:42:18,075:INFO:create_model() successfully completed......................................
2025-05-12 21:42:18,179:INFO:SubProcess create_model() end ==================================
2025-05-12 21:42:18,179:INFO:Creating metrics dataframe
2025-05-12 21:42:18,205:INFO:Initializing Extra Trees Regressor
2025-05-12 21:42:18,205:INFO:Total runtime is 0.34867718219757077 minutes
2025-05-12 21:42:18,212:INFO:SubProcess create_model() called ==================================
2025-05-12 21:42:18,213:INFO:Initializing create_model()
2025-05-12 21:42:18,213:INFO:create_model(self=<pycaret.regression.oop.RegressionExperiment object at 0x0000021218DEF710>, estimator=et, fold=KFold(n_splits=10, random_state=None, shuffle=False), round=4, cross_validation=True, predict=True, fit_kwargs={}, groups=None, refit=False, probability_threshold=None, experiment_custom_tags=None, verbose=False, system=False, add_to_model_list=True, metrics=None, display=<pycaret.internal.display.display.CommonDisplay object at 0x0000021274EB5F50>, model_only=True, return_train_score=False, error_score=0.0, kwargs={})
2025-05-12 21:42:18,213:INFO:Checking exceptions
2025-05-12 21:42:18,213:INFO:Importing libraries
2025-05-12 21:42:18,213:INFO:Copying training dataset
2025-05-12 21:42:18,223:INFO:Defining folds
2025-05-12 21:42:18,223:INFO:Declaring metric variables
2025-05-12 21:42:18,233:INFO:Importing untrained model
2025-05-12 21:42:18,241:INFO:Extra Trees Regressor Imported successfully
2025-05-12 21:42:18,255:INFO:Starting cross validation
2025-05-12 21:42:18,259:INFO:Cross validating with KFold(n_splits=10, random_state=None, shuffle=False), n_jobs=-1
2025-05-12 21:42:19,306:INFO:Calculating mean and std
2025-05-12 21:42:19,308:INFO:Creating metrics dataframe
2025-05-12 21:42:19,311:INFO:Uploading results into container
2025-05-12 21:42:19,313:INFO:Uploading model into container now
2025-05-12 21:42:19,313:INFO:_master_model_container: 14
2025-05-12 21:42:19,314:INFO:_display_container: 2
2025-05-12 21:42:19,315:INFO:ExtraTreesRegressor(n_jobs=-1, random_state=123)
2025-05-12 21:42:19,315:INFO:create_model() successfully completed......................................
2025-05-12 21:42:19,408:INFO:SubProcess create_model() end ==================================
2025-05-12 21:42:19,408:INFO:Creating metrics dataframe
2025-05-12 21:42:19,424:INFO:Initializing AdaBoost Regressor
2025-05-12 21:42:19,424:INFO:Total runtime is 0.3690035939216613 minutes
2025-05-12 21:42:19,429:INFO:SubProcess create_model() called ==================================
2025-05-12 21:42:19,429:INFO:Initializing create_model()
2025-05-12 21:42:19,429:INFO:create_model(self=<pycaret.regression.oop.RegressionExperiment object at 0x0000021218DEF710>, estimator=ada, fold=KFold(n_splits=10, random_state=None, shuffle=False), round=4, cross_validation=True, predict=True, fit_kwargs={}, groups=None, refit=False, probability_threshold=None, experiment_custom_tags=None, verbose=False, system=False, add_to_model_list=True, metrics=None, display=<pycaret.internal.display.display.CommonDisplay object at 0x0000021274EB5F50>, model_only=True, return_train_score=False, error_score=0.0, kwargs={})
2025-05-12 21:42:19,430:INFO:Checking exceptions
2025-05-12 21:42:19,430:INFO:Importing libraries
2025-05-12 21:42:19,430:INFO:Copying training dataset
2025-05-12 21:42:19,437:INFO:Defining folds
2025-05-12 21:42:19,437:INFO:Declaring metric variables
2025-05-12 21:42:19,444:INFO:Importing untrained model
2025-05-12 21:42:19,452:INFO:AdaBoost Regressor Imported successfully
2025-05-12 21:42:19,464:INFO:Starting cross validation
2025-05-12 21:42:19,468:INFO:Cross validating with KFold(n_splits=10, random_state=None, shuffle=False), n_jobs=-1
2025-05-12 21:42:20,047:INFO:Calculating mean and std
2025-05-12 21:42:20,050:INFO:Creating metrics dataframe
2025-05-12 21:42:20,053:INFO:Uploading results into container
2025-05-12 21:42:20,055:INFO:Uploading model into container now
2025-05-12 21:42:20,055:INFO:_master_model_container: 15
2025-05-12 21:42:20,055:INFO:_display_container: 2
2025-05-12 21:42:20,056:INFO:AdaBoostRegressor(random_state=123)
2025-05-12 21:42:20,056:INFO:create_model() successfully completed......................................
2025-05-12 21:42:20,144:INFO:SubProcess create_model() end ==================================
2025-05-12 21:42:20,144:INFO:Creating metrics dataframe
2025-05-12 21:42:20,158:INFO:Initializing Gradient Boosting Regressor
2025-05-12 21:42:20,159:INFO:Total runtime is 0.3812346736590067 minutes
2025-05-12 21:42:20,163:INFO:SubProcess create_model() called ==================================
2025-05-12 21:42:20,163:INFO:Initializing create_model()
2025-05-12 21:42:20,163:INFO:create_model(self=<pycaret.regression.oop.RegressionExperiment object at 0x0000021218DEF710>, estimator=gbr, fold=KFold(n_splits=10, random_state=None, shuffle=False), round=4, cross_validation=True, predict=True, fit_kwargs={}, groups=None, refit=False, probability_threshold=None, experiment_custom_tags=None, verbose=False, system=False, add_to_model_list=True, metrics=None, display=<pycaret.internal.display.display.CommonDisplay object at 0x0000021274EB5F50>, model_only=True, return_train_score=False, error_score=0.0, kwargs={})
2025-05-12 21:42:20,163:INFO:Checking exceptions
2025-05-12 21:42:20,164:INFO:Importing libraries
2025-05-12 21:42:20,164:INFO:Copying training dataset
2025-05-12 21:42:20,171:INFO:Defining folds
2025-05-12 21:42:20,171:INFO:Declaring metric variables
2025-05-12 21:42:20,175:INFO:Importing untrained model
2025-05-12 21:42:20,184:INFO:Gradient Boosting Regressor Imported successfully
2025-05-12 21:42:20,193:INFO:Starting cross validation
2025-05-12 21:42:20,196:INFO:Cross validating with KFold(n_splits=10, random_state=None, shuffle=False), n_jobs=-1
2025-05-12 21:42:20,679:INFO:Calculating mean and std
2025-05-12 21:42:20,681:INFO:Creating metrics dataframe
2025-05-12 21:42:20,683:INFO:Uploading results into container
2025-05-12 21:42:20,684:INFO:Uploading model into container now
2025-05-12 21:42:20,684:INFO:_master_model_container: 16
2025-05-12 21:42:20,684:INFO:_display_container: 2
2025-05-12 21:42:20,685:INFO:GradientBoostingRegressor(random_state=123)
2025-05-12 21:42:20,685:INFO:create_model() successfully completed......................................
2025-05-12 21:42:20,777:INFO:SubProcess create_model() end ==================================
2025-05-12 21:42:20,778:INFO:Creating metrics dataframe
2025-05-12 21:42:20,794:INFO:Initializing Light Gradient Boosting Machine
2025-05-12 21:42:20,794:INFO:Total runtime is 0.39183076222737623 minutes
2025-05-12 21:42:20,800:INFO:SubProcess create_model() called ==================================
2025-05-12 21:42:20,800:INFO:Initializing create_model()
2025-05-12 21:42:20,800:INFO:create_model(self=<pycaret.regression.oop.RegressionExperiment object at 0x0000021218DEF710>, estimator=lightgbm, fold=KFold(n_splits=10, random_state=None, shuffle=False), round=4, cross_validation=True, predict=True, fit_kwargs={}, groups=None, refit=False, probability_threshold=None, experiment_custom_tags=None, verbose=False, system=False, add_to_model_list=True, metrics=None, display=<pycaret.internal.display.display.CommonDisplay object at 0x0000021274EB5F50>, model_only=True, return_train_score=False, error_score=0.0, kwargs={})
2025-05-12 21:42:20,800:INFO:Checking exceptions
2025-05-12 21:42:20,801:INFO:Importing libraries
2025-05-12 21:42:20,801:INFO:Copying training dataset
2025-05-12 21:42:20,805:INFO:Defining folds
2025-05-12 21:42:20,805:INFO:Declaring metric variables
2025-05-12 21:42:20,810:INFO:Importing untrained model
2025-05-12 21:42:20,815:INFO:Light Gradient Boosting Machine Imported successfully
2025-05-12 21:42:20,825:INFO:Starting cross validation
2025-05-12 21:42:20,826:INFO:Cross validating with KFold(n_splits=10, random_state=None, shuffle=False), n_jobs=-1
2025-05-12 21:42:21,358:INFO:Calculating mean and std
2025-05-12 21:42:21,361:INFO:Creating metrics dataframe
2025-05-12 21:42:21,366:INFO:Uploading results into container
2025-05-12 21:42:21,368:INFO:Uploading model into container now
2025-05-12 21:42:21,369:INFO:_master_model_container: 17
2025-05-12 21:42:21,369:INFO:_display_container: 2
2025-05-12 21:42:21,370:INFO:LGBMRegressor(n_jobs=-1, random_state=123)
2025-05-12 21:42:21,370:INFO:create_model() successfully completed......................................
2025-05-12 21:42:21,501:INFO:SubProcess create_model() end ==================================
2025-05-12 21:42:21,501:INFO:Creating metrics dataframe
2025-05-12 21:42:21,523:INFO:Initializing Dummy Regressor
2025-05-12 21:42:21,523:INFO:Total runtime is 0.4039914647738138 minutes
2025-05-12 21:42:21,534:INFO:SubProcess create_model() called ==================================
2025-05-12 21:42:21,535:INFO:Initializing create_model()
2025-05-12 21:42:21,535:INFO:create_model(self=<pycaret.regression.oop.RegressionExperiment object at 0x0000021218DEF710>, estimator=dummy, fold=KFold(n_splits=10, random_state=None, shuffle=False), round=4, cross_validation=True, predict=True, fit_kwargs={}, groups=None, refit=False, probability_threshold=None, experiment_custom_tags=None, verbose=False, system=False, add_to_model_list=True, metrics=None, display=<pycaret.internal.display.display.CommonDisplay object at 0x0000021274EB5F50>, model_only=True, return_train_score=False, error_score=0.0, kwargs={})
2025-05-12 21:42:21,536:INFO:Checking exceptions
2025-05-12 21:42:21,536:INFO:Importing libraries
2025-05-12 21:42:21,536:INFO:Copying training dataset
2025-05-12 21:42:21,546:INFO:Defining folds
2025-05-12 21:42:21,546:INFO:Declaring metric variables
2025-05-12 21:42:21,557:INFO:Importing untrained model
2025-05-12 21:42:21,570:INFO:Dummy Regressor Imported successfully
2025-05-12 21:42:21,583:INFO:Starting cross validation
2025-05-12 21:42:21,586:INFO:Cross validating with KFold(n_splits=10, random_state=None, shuffle=False), n_jobs=-1
2025-05-12 21:42:21,962:INFO:Calculating mean and std
2025-05-12 21:42:21,967:INFO:Creating metrics dataframe
2025-05-12 21:42:21,972:INFO:Uploading results into container
2025-05-12 21:42:21,974:INFO:Uploading model into container now
2025-05-12 21:42:21,975:INFO:_master_model_container: 18
2025-05-12 21:42:21,975:INFO:_display_container: 2
2025-05-12 21:42:21,976:INFO:DummyRegressor()
2025-05-12 21:42:21,976:INFO:create_model() successfully completed......................................
2025-05-12 21:42:22,134:INFO:SubProcess create_model() end ==================================
2025-05-12 21:42:22,134:INFO:Creating metrics dataframe
2025-05-12 21:42:22,178:WARNING:c:\Users\RAUL\AppData\Local\Programs\Python\Python311\Lib\site-packages\pycaret\internal\pycaret_experiment\supervised_experiment.py:339: FutureWarning: Styler.applymap has been deprecated. Use Styler.map instead.
  .applymap(highlight_cols, subset=["TT (Sec)"])

2025-05-12 21:42:22,275:INFO:Initializing create_model()
2025-05-12 21:42:22,275:INFO:create_model(self=<pycaret.regression.oop.RegressionExperiment object at 0x0000021218DEF710>, estimator=LinearRegression(n_jobs=-1), fold=KFold(n_splits=10, random_state=None, shuffle=False), round=4, cross_validation=False, predict=False, fit_kwargs={}, groups=None, refit=True, probability_threshold=None, experiment_custom_tags=None, verbose=False, system=False, add_to_model_list=True, metrics=None, display=None, model_only=True, return_train_score=False, error_score=0.0, kwargs={})
2025-05-12 21:42:22,283:INFO:Checking exceptions
2025-05-12 21:42:22,302:INFO:Importing libraries
2025-05-12 21:42:22,302:INFO:Copying training dataset
2025-05-12 21:42:22,334:INFO:Defining folds
2025-05-12 21:42:22,334:INFO:Declaring metric variables
2025-05-12 21:42:22,335:INFO:Importing untrained model
2025-05-12 21:42:22,335:INFO:Declaring custom model
2025-05-12 21:42:22,339:INFO:Linear Regression Imported successfully
2025-05-12 21:42:22,344:INFO:Cross validation set to False
2025-05-12 21:42:22,344:INFO:Fitting Model
2025-05-12 21:42:22,469:INFO:LinearRegression(n_jobs=-1)
2025-05-12 21:42:22,469:INFO:create_model() successfully completed......................................
2025-05-12 21:42:22,653:INFO:_master_model_container: 18
2025-05-12 21:42:22,653:INFO:_display_container: 2
2025-05-12 21:42:22,654:INFO:LinearRegression(n_jobs=-1)
2025-05-12 21:42:22,654:INFO:compare_models() successfully completed......................................
2025-05-12 21:42:30,783:INFO:Initializing create_model()
2025-05-12 21:42:30,783:INFO:create_model(self=<pycaret.regression.oop.RegressionExperiment object at 0x0000021218DEF710>, estimator=lr, fold=None, round=4, cross_validation=True, predict=True, fit_kwargs=None, groups=None, refit=True, probability_threshold=None, experiment_custom_tags=None, verbose=True, system=True, add_to_model_list=True, metrics=None, display=None, model_only=True, return_train_score=False, error_score=0.0, kwargs={})
2025-05-12 21:42:30,783:INFO:Checking exceptions
2025-05-12 21:42:30,817:INFO:Importing libraries
2025-05-12 21:42:30,817:INFO:Copying training dataset
2025-05-12 21:42:30,826:INFO:Defining folds
2025-05-12 21:42:30,827:INFO:Declaring metric variables
2025-05-12 21:42:30,836:INFO:Importing untrained model
2025-05-12 21:42:30,845:INFO:Linear Regression Imported successfully
2025-05-12 21:42:30,869:INFO:Starting cross validation
2025-05-12 21:42:30,872:INFO:Cross validating with KFold(n_splits=10, random_state=None, shuffle=False), n_jobs=-1
2025-05-12 21:42:31,709:INFO:Calculating mean and std
2025-05-12 21:42:31,711:INFO:Creating metrics dataframe
2025-05-12 21:42:31,734:INFO:Finalizing model
2025-05-12 21:42:31,915:INFO:Uploading results into container
2025-05-12 21:42:31,920:INFO:Uploading model into container now
2025-05-12 21:42:31,967:INFO:_master_model_container: 19
2025-05-12 21:42:31,968:INFO:_display_container: 3
2025-05-12 21:42:31,968:INFO:LinearRegression(n_jobs=-1)
2025-05-12 21:42:31,969:INFO:create_model() successfully completed......................................
2025-05-12 21:42:45,943:INFO:Initializing create_model()
2025-05-12 21:42:45,943:INFO:create_model(self=<pycaret.regression.oop.RegressionExperiment object at 0x0000021218DEF710>, estimator=lr, fold=None, round=4, cross_validation=True, predict=True, fit_kwargs=None, groups=None, refit=True, probability_threshold=None, experiment_custom_tags=None, verbose=True, system=True, add_to_model_list=True, metrics=None, display=None, model_only=True, return_train_score=False, error_score=0.0, kwargs={})
2025-05-12 21:42:45,943:INFO:Checking exceptions
2025-05-12 21:42:45,971:INFO:Importing libraries
2025-05-12 21:42:45,971:INFO:Copying training dataset
2025-05-12 21:42:45,977:INFO:Defining folds
2025-05-12 21:42:45,979:INFO:Declaring metric variables
2025-05-12 21:42:45,986:INFO:Importing untrained model
2025-05-12 21:42:45,991:INFO:Linear Regression Imported successfully
2025-05-12 21:42:46,006:INFO:Starting cross validation
2025-05-12 21:42:46,008:INFO:Cross validating with KFold(n_splits=10, random_state=None, shuffle=False), n_jobs=-1
2025-05-12 21:42:46,486:INFO:Calculating mean and std
2025-05-12 21:42:46,487:INFO:Creating metrics dataframe
2025-05-12 21:42:46,499:INFO:Finalizing model
2025-05-12 21:42:46,591:INFO:Uploading results into container
2025-05-12 21:42:46,593:INFO:Uploading model into container now
2025-05-12 21:42:46,622:INFO:_master_model_container: 20
2025-05-12 21:42:46,623:INFO:_display_container: 4
2025-05-12 21:42:46,624:INFO:LinearRegression(n_jobs=-1)
2025-05-12 21:42:46,624:INFO:create_model() successfully completed......................................
2025-05-12 21:43:57,722:INFO:Initializing tune_model()
2025-05-12 21:43:57,722:INFO:tune_model(self=<pycaret.regression.oop.RegressionExperiment object at 0x0000021218DEF710>, estimator=LinearRegression(n_jobs=-1), fold=None, round=4, n_iter=10, custom_grid=None, optimize=R2, custom_scorer=None, search_library=scikit-learn, search_algorithm=None, early_stopping=False, early_stopping_max_iters=10, choose_better=True, fit_kwargs=None, groups=None, return_tuner=False, verbose=True, tuner_verbose=True, return_train_score=False, kwargs={})
2025-05-12 21:43:57,722:INFO:Checking exceptions
2025-05-12 21:43:57,747:INFO:Copying training dataset
2025-05-12 21:43:57,752:INFO:Checking base model
2025-05-12 21:43:57,752:INFO:Base model : Linear Regression
2025-05-12 21:43:57,760:INFO:Declaring metric variables
2025-05-12 21:43:57,766:INFO:Defining Hyperparameters
2025-05-12 21:43:57,766:INFO:10 is bigger than total combinations 2, setting search algorithm to grid
2025-05-12 21:43:57,916:INFO:Tuning with n_jobs=-1
2025-05-12 21:43:57,917:INFO:Initializing GridSearchCV
2025-05-12 21:43:58,618:INFO:best_params: {'actual_estimator__fit_intercept': True}
2025-05-12 21:43:58,618:INFO:Hyperparameter search completed
2025-05-12 21:43:58,619:INFO:SubProcess create_model() called ==================================
2025-05-12 21:43:58,620:INFO:Initializing create_model()
2025-05-12 21:43:58,620:INFO:create_model(self=<pycaret.regression.oop.RegressionExperiment object at 0x0000021218DEF710>, estimator=LinearRegression(n_jobs=-1), fold=KFold(n_splits=10, random_state=None, shuffle=False), round=4, cross_validation=True, predict=True, fit_kwargs={}, groups=None, refit=True, probability_threshold=None, experiment_custom_tags=None, verbose=True, system=False, add_to_model_list=True, metrics=None, display=<pycaret.internal.display.display.CommonDisplay object at 0x0000021218DEF090>, model_only=True, return_train_score=False, error_score=0.0, kwargs={'fit_intercept': True})
2025-05-12 21:43:58,620:INFO:Checking exceptions
2025-05-12 21:43:58,621:INFO:Importing libraries
2025-05-12 21:43:58,621:INFO:Copying training dataset
2025-05-12 21:43:58,631:INFO:Defining folds
2025-05-12 21:43:58,631:INFO:Declaring metric variables
2025-05-12 21:43:58,639:INFO:Importing untrained model
2025-05-12 21:43:58,639:INFO:Declaring custom model
2025-05-12 21:43:58,646:INFO:Linear Regression Imported successfully
2025-05-12 21:43:58,665:INFO:Starting cross validation
2025-05-12 21:43:58,669:INFO:Cross validating with KFold(n_splits=10, random_state=None, shuffle=False), n_jobs=-1
2025-05-12 21:43:59,139:INFO:Calculating mean and std
2025-05-12 21:43:59,143:INFO:Creating metrics dataframe
2025-05-12 21:43:59,162:INFO:Finalizing model
2025-05-12 21:43:59,292:INFO:Uploading results into container
2025-05-12 21:43:59,294:INFO:Uploading model into container now
2025-05-12 21:43:59,295:INFO:_master_model_container: 21
2025-05-12 21:43:59,295:INFO:_display_container: 5
2025-05-12 21:43:59,296:INFO:LinearRegression(n_jobs=-1)
2025-05-12 21:43:59,296:INFO:create_model() successfully completed......................................
2025-05-12 21:43:59,407:INFO:SubProcess create_model() end ==================================
2025-05-12 21:43:59,408:INFO:choose_better activated
2025-05-12 21:43:59,412:INFO:SubProcess create_model() called ==================================
2025-05-12 21:43:59,413:INFO:Initializing create_model()
2025-05-12 21:43:59,413:INFO:create_model(self=<pycaret.regression.oop.RegressionExperiment object at 0x0000021218DEF710>, estimator=LinearRegression(n_jobs=-1), fold=KFold(n_splits=10, random_state=None, shuffle=False), round=4, cross_validation=True, predict=True, fit_kwargs={}, groups=None, refit=True, probability_threshold=None, experiment_custom_tags=None, verbose=False, system=False, add_to_model_list=True, metrics=None, display=None, model_only=True, return_train_score=False, error_score=0.0, kwargs={})
2025-05-12 21:43:59,413:INFO:Checking exceptions
2025-05-12 21:43:59,415:INFO:Importing libraries
2025-05-12 21:43:59,415:INFO:Copying training dataset
2025-05-12 21:43:59,421:INFO:Defining folds
2025-05-12 21:43:59,421:INFO:Declaring metric variables
2025-05-12 21:43:59,422:INFO:Importing untrained model
2025-05-12 21:43:59,422:INFO:Declaring custom model
2025-05-12 21:43:59,422:INFO:Linear Regression Imported successfully
2025-05-12 21:43:59,423:INFO:Starting cross validation
2025-05-12 21:43:59,424:INFO:Cross validating with KFold(n_splits=10, random_state=None, shuffle=False), n_jobs=-1
2025-05-12 21:43:59,725:INFO:Calculating mean and std
2025-05-12 21:43:59,727:INFO:Creating metrics dataframe
2025-05-12 21:43:59,733:INFO:Finalizing model
2025-05-12 21:43:59,822:INFO:Uploading results into container
2025-05-12 21:43:59,823:INFO:Uploading model into container now
2025-05-12 21:43:59,823:INFO:_master_model_container: 22
2025-05-12 21:43:59,824:INFO:_display_container: 6
2025-05-12 21:43:59,824:INFO:LinearRegression(n_jobs=-1)
2025-05-12 21:43:59,824:INFO:create_model() successfully completed......................................
2025-05-12 21:43:59,919:INFO:SubProcess create_model() end ==================================
2025-05-12 21:43:59,920:INFO:LinearRegression(n_jobs=-1) result for R2 is 0.9593
2025-05-12 21:43:59,920:INFO:LinearRegression(n_jobs=-1) result for R2 is 0.9593
2025-05-12 21:43:59,920:INFO:LinearRegression(n_jobs=-1) is best model
2025-05-12 21:43:59,921:INFO:choose_better completed
2025-05-12 21:43:59,921:INFO:Original model was better than the tuned model, hence it will be returned. NOTE: The display metrics are for the tuned model (not the original one).
2025-05-12 21:43:59,933:INFO:_master_model_container: 22
2025-05-12 21:43:59,933:INFO:_display_container: 5
2025-05-12 21:43:59,934:INFO:LinearRegression(n_jobs=-1)
2025-05-12 21:43:59,934:INFO:tune_model() successfully completed......................................
2025-05-12 21:46:31,234:INFO:Initializing evaluate_model()
2025-05-12 21:46:31,234:INFO:evaluate_model(self=<pycaret.regression.oop.RegressionExperiment object at 0x0000021218DEF710>, estimator=LinearRegression(n_jobs=-1), fold=None, fit_kwargs=None, plot_kwargs=None, feature_name=None, groups=None)
2025-05-12 21:46:31,243:INFO:Initializing plot_model()
2025-05-12 21:46:31,243:INFO:plot_model(self=<pycaret.regression.oop.RegressionExperiment object at 0x0000021218DEF710>, estimator=LinearRegression(n_jobs=-1), plot=pipeline, scale=1, save=False, fold=KFold(n_splits=10, random_state=None, shuffle=False), fit_kwargs={}, plot_kwargs=None, groups=None, feature_name=None, label=False, verbose=False, system=True, display=None, display_format=None)
2025-05-12 21:46:31,244:INFO:Checking exceptions
2025-05-12 21:46:31,247:INFO:Preloading libraries
2025-05-12 21:46:31,247:INFO:Copying training dataset
2025-05-12 21:46:31,248:INFO:Plot type: pipeline
2025-05-12 21:46:31,754:INFO:Visual Rendered Successfully
2025-05-12 21:46:31,995:INFO:plot_model() successfully completed......................................
2025-05-12 21:47:16,907:INFO:Initializing predict_model()
2025-05-12 21:47:16,908:INFO:predict_model(self=<pycaret.regression.oop.RegressionExperiment object at 0x0000021218DEF710>, estimator=LinearRegression(n_jobs=-1), probability_threshold=None, encoded_labels=False, raw_score=False, round=4, verbose=True, ml_usecase=None, preprocess=True, encode_labels=<function _SupervisedExperiment.predict_model.<locals>.encode_labels at 0x0000021219076340>)
2025-05-12 21:47:16,908:INFO:Checking exceptions
2025-05-12 21:47:16,908:INFO:Preloading libraries
2025-05-12 21:47:17,371:WARNING:c:\Users\RAUL\AppData\Local\Programs\Python\Python311\Lib\site-packages\sklearn\metrics\_regression.py:483: FutureWarning: 'squared' is deprecated in version 1.4 and will be removed in 1.6. To calculate the root mean squared error, use the function'root_mean_squared_error'.
  warnings.warn(

2025-05-12 22:00:56,427:INFO:Initializing save_model()
2025-05-12 22:00:56,428:INFO:save_model(model=LinearRegression(n_jobs=-1), model_name=modelo_precio_final, prep_pipe_=Pipeline(memory=FastMemory(location=C:\Users\RAUL\AppData\Local\Temp\joblib),
         steps=[('numerical_imputer',
                 TransformerWrapper(include=['area_m2', 'num_habitaciones',
                                             'num_banos', 'antiguedad_anos',
                                             'vista_mar'],
                                    transformer=SimpleImputer())),
                ('categorical_imputer',
                 TransformerWrapper(include=['distrito'],
                                    transformer=SimpleImputer(strategy='most_frequent'))),
                ('onehot_encoding',
                 TransformerWrapper(include=['distrito'],
                                    transformer=OneHotEncoder(cols=['distrito'],
                                                              handle_missing='return_nan',
                                                              use_cat_names=True))),
                ('normalize',
                 TransformerWrapper(transformer=StandardScaler()))]), verbose=True, use_case=MLUsecase.REGRESSION, kwargs={})
2025-05-12 22:00:56,428:INFO:Adding model into prep_pipe
2025-05-12 22:00:56,439:INFO:modelo_precio_final.pkl saved in current working directory
2025-05-12 22:00:56,448:INFO:Pipeline(memory=Memory(location=None),
         steps=[('numerical_imputer',
                 TransformerWrapper(include=['area_m2', 'num_habitaciones',
                                             'num_banos', 'antiguedad_anos',
                                             'vista_mar'],
                                    transformer=SimpleImputer())),
                ('categorical_imputer',
                 TransformerWrapper(include=['distrito'],
                                    transformer=SimpleImputer(strategy='most_frequent'))),
                ('onehot_encoding',
                 TransformerWrapper(include=['distrito'],
                                    transformer=OneHotEncoder(cols=['distrito'],
                                                              handle_missing='return_nan',
                                                              use_cat_names=True))),
                ('normalize', TransformerWrapper(transformer=StandardScaler())),
                ('trained_model', LinearRegression(n_jobs=-1))])
2025-05-12 22:00:56,448:INFO:save_model() successfully completed......................................
