2025-06-11 06:16:22,748:WARNING:
'cuml' is a soft dependency and not included in the pycaret installation. Please run: `pip install cuml` to install.
2025-06-11 06:16:22,748:WARNING:
'cuml' is a soft dependency and not included in the pycaret installation. Please run: `pip install cuml` to install.
2025-06-11 06:16:22,748:WARNING:
'cuml' is a soft dependency and not included in the pycaret installation. Please run: `pip install cuml` to install.
2025-06-11 06:16:22,748:WARNING:
'cuml' is a soft dependency and not included in the pycaret installation. Please run: `pip install cuml` to install.
2025-06-11 06:16:40,843:WARNING:
'cuml' is a soft dependency and not included in the pycaret installation. Please run: `pip install cuml` to install.
2025-06-11 06:16:40,881:WARNING:
'cuml' is a soft dependency and not included in the pycaret installation. Please run: `pip install cuml` to install.
2025-06-11 06:16:40,881:WARNING:
'cuml' is a soft dependency and not included in the pycaret installation. Please run: `pip install cuml` to install.
2025-06-11 06:16:40,881:WARNING:
'cuml' is a soft dependency and not included in the pycaret installation. Please run: `pip install cuml` to install.
2025-06-11 06:17:15,602:WARNING:
'cuml' is a soft dependency and not included in the pycaret installation. Please run: `pip install cuml` to install.
2025-06-11 06:17:15,603:WARNING:
'cuml' is a soft dependency and not included in the pycaret installation. Please run: `pip install cuml` to install.
2025-06-11 06:17:15,603:WARNING:
'cuml' is a soft dependency and not included in the pycaret installation. Please run: `pip install cuml` to install.
2025-06-11 06:17:15,603:WARNING:
'cuml' is a soft dependency and not included in the pycaret installation. Please run: `pip install cuml` to install.
2025-06-11 06:24:16,609:WARNING:
'cuml' is a soft dependency and not included in the pycaret installation. Please run: `pip install cuml` to install.
2025-06-11 06:24:16,609:WARNING:
'cuml' is a soft dependency and not included in the pycaret installation. Please run: `pip install cuml` to install.
2025-06-11 06:24:16,609:WARNING:
'cuml' is a soft dependency and not included in the pycaret installation. Please run: `pip install cuml` to install.
2025-06-11 06:24:16,609:WARNING:
'cuml' is a soft dependency and not included in the pycaret installation. Please run: `pip install cuml` to install.
2025-06-11 06:25:19,421:WARNING:
'cuml' is a soft dependency and not included in the pycaret installation. Please run: `pip install cuml` to install.
2025-06-11 06:25:19,421:WARNING:
'cuml' is a soft dependency and not included in the pycaret installation. Please run: `pip install cuml` to install.
2025-06-11 06:25:19,421:WARNING:
'cuml' is a soft dependency and not included in the pycaret installation. Please run: `pip install cuml` to install.
2025-06-11 06:25:19,421:WARNING:
'cuml' is a soft dependency and not included in the pycaret installation. Please run: `pip install cuml` to install.
2025-06-11 06:26:15,770:WARNING:
'cuml' is a soft dependency and not included in the pycaret installation. Please run: `pip install cuml` to install.
2025-06-11 06:26:15,770:WARNING:
'cuml' is a soft dependency and not included in the pycaret installation. Please run: `pip install cuml` to install.
2025-06-11 06:26:15,770:WARNING:
'cuml' is a soft dependency and not included in the pycaret installation. Please run: `pip install cuml` to install.
2025-06-11 06:26:15,770:WARNING:
'cuml' is a soft dependency and not included in the pycaret installation. Please run: `pip install cuml` to install.
2025-06-11 06:26:36,020:WARNING:
'cuml' is a soft dependency and not included in the pycaret installation. Please run: `pip install cuml` to install.
2025-06-11 06:26:36,020:WARNING:
'cuml' is a soft dependency and not included in the pycaret installation. Please run: `pip install cuml` to install.
2025-06-11 06:26:36,020:WARNING:
'cuml' is a soft dependency and not included in the pycaret installation. Please run: `pip install cuml` to install.
2025-06-11 06:26:36,021:WARNING:
'cuml' is a soft dependency and not included in the pycaret installation. Please run: `pip install cuml` to install.
2025-06-11 06:27:46,814:WARNING:
'cuml' is a soft dependency and not included in the pycaret installation. Please run: `pip install cuml` to install.
2025-06-11 06:27:46,814:WARNING:
'cuml' is a soft dependency and not included in the pycaret installation. Please run: `pip install cuml` to install.
2025-06-11 06:27:46,814:WARNING:
'cuml' is a soft dependency and not included in the pycaret installation. Please run: `pip install cuml` to install.
2025-06-11 06:27:46,814:WARNING:
'cuml' is a soft dependency and not included in the pycaret installation. Please run: `pip install cuml` to install.
2025-06-11 06:27:50,442:INFO:PyCaret ClusteringExperiment
2025-06-11 06:27:50,442:INFO:Logging name: clustering_cust
2025-06-11 06:27:50,442:INFO:ML Usecase: MLUsecase.CLUSTERING
2025-06-11 06:27:50,442:INFO:version 3.2.0
2025-06-11 06:27:50,442:INFO:Initializing setup()
2025-06-11 06:27:50,442:INFO:self.USI: a534
2025-06-11 06:27:50,442:INFO:self._variable_keys: {'exp_name_log', '_available_plots', 'gpu_n_jobs_param', 'gpu_param', 'USI', 'memory', 'log_plots_param', 'seed', 'html_param', 'logging_param', 'idx', '_ml_usecase', 'X', 'data', 'pipeline', 'n_jobs_param', 'exp_id'}
2025-06-11 06:27:50,442:INFO:Checking environment
2025-06-11 06:27:50,442:INFO:python_version: 3.11.0
2025-06-11 06:27:50,442:INFO:python_build: ('main', 'Oct 24 2022 18:26:48')
2025-06-11 06:27:50,442:INFO:machine: AMD64
2025-06-11 06:27:50,453:INFO:platform: Windows-10-10.0.19045-SP0
2025-06-11 06:27:50,458:INFO:Memory: svmem(total=12759322624, available=2342416384, percent=81.6, used=10416906240, free=2342416384)
2025-06-11 06:27:50,458:INFO:Physical Core: 4
2025-06-11 06:27:50,458:INFO:Logical Core: 8
2025-06-11 06:27:50,458:INFO:Checking libraries
2025-06-11 06:27:50,458:INFO:System:
2025-06-11 06:27:50,458:INFO:    python: 3.11.0 (main, Oct 24 2022, 18:26:48) [MSC v.1933 64 bit (AMD64)]
2025-06-11 06:27:50,458:INFO:executable: C:\Users\RAUL\AppData\Local\Programs\Python\Python311\python.exe
2025-06-11 06:27:50,458:INFO:   machine: Windows-10-10.0.19045-SP0
2025-06-11 06:27:50,458:INFO:PyCaret required dependencies:
2025-06-11 06:27:51,503:INFO:                 pip: 25.1.1
2025-06-11 06:27:51,503:INFO:          setuptools: 65.5.0
2025-06-11 06:27:51,503:INFO:             pycaret: 3.2.0
2025-06-11 06:27:51,503:INFO:             IPython: 9.2.0
2025-06-11 06:27:51,503:INFO:          ipywidgets: 8.1.7
2025-06-11 06:27:51,503:INFO:                tqdm: 4.67.1
2025-06-11 06:27:51,503:INFO:               numpy: 1.25.2
2025-06-11 06:27:51,503:INFO:              pandas: 1.5.3
2025-06-11 06:27:51,503:INFO:              jinja2: 3.1.6
2025-06-11 06:27:51,503:INFO:               scipy: 1.10.1
2025-06-11 06:27:51,503:INFO:              joblib: 1.3.2
2025-06-11 06:27:51,503:INFO:             sklearn: 1.2.2
2025-06-11 06:27:51,503:INFO:                pyod: 2.0.5
2025-06-11 06:27:51,503:INFO:            imblearn: 0.12.4
2025-06-11 06:27:51,503:INFO:   category_encoders: 2.7.0
2025-06-11 06:27:51,503:INFO:            lightgbm: 4.6.0
2025-06-11 06:27:51,503:INFO:               numba: 0.58.1
2025-06-11 06:27:51,503:INFO:            requests: 2.32.3
2025-06-11 06:27:51,503:INFO:          matplotlib: 3.6.0
2025-06-11 06:27:51,503:INFO:          scikitplot: 0.3.7
2025-06-11 06:27:51,503:INFO:         yellowbrick: 1.5
2025-06-11 06:27:51,503:INFO:              plotly: 5.24.1
2025-06-11 06:27:51,503:INFO:    plotly-resampler: Not installed
2025-06-11 06:27:51,503:INFO:             kaleido: 0.2.1
2025-06-11 06:27:51,504:INFO:           schemdraw: 0.15
2025-06-11 06:27:51,504:INFO:         statsmodels: 0.14.4
2025-06-11 06:27:51,504:INFO:              sktime: 0.21.1
2025-06-11 06:27:51,504:INFO:               tbats: 1.1.3
2025-06-11 06:27:51,504:INFO:            pmdarima: 2.0.4
2025-06-11 06:27:51,504:INFO:              psutil: 7.0.0
2025-06-11 06:27:51,504:INFO:          markupsafe: 2.1.5
2025-06-11 06:27:51,504:INFO:             pickle5: Not installed
2025-06-11 06:27:51,504:INFO:         cloudpickle: 2.2.1
2025-06-11 06:27:51,504:INFO:         deprecation: 2.1.0
2025-06-11 06:27:51,504:INFO:              xxhash: 3.5.0
2025-06-11 06:27:51,504:INFO:           wurlitzer: Not installed
2025-06-11 06:27:51,504:INFO:PyCaret optional dependencies:
2025-06-11 06:27:55,834:INFO:                shap: 0.47.2
2025-06-11 06:27:55,834:INFO:           interpret: 0.6.11
2025-06-11 06:27:55,834:INFO:                umap: 0.5.7
2025-06-11 06:27:55,834:INFO:     ydata_profiling: 4.6.0
2025-06-11 06:27:55,834:INFO:  explainerdashboard: 0.5.1
2025-06-11 06:27:55,834:INFO:             autoviz: Not installed
2025-06-11 06:27:55,834:INFO:           fairlearn: 0.7.0
2025-06-11 06:27:55,834:INFO:          deepchecks: Not installed
2025-06-11 06:27:55,834:INFO:             xgboost: Not installed
2025-06-11 06:27:55,834:INFO:            catboost: 1.2.8
2025-06-11 06:27:55,834:INFO:              kmodes: 0.12.2
2025-06-11 06:27:55,834:INFO:             mlxtend: 0.23.1
2025-06-11 06:27:55,835:INFO:       statsforecast: 1.5.0
2025-06-11 06:27:55,835:INFO:        tune_sklearn: Not installed
2025-06-11 06:27:55,835:INFO:                 ray: Not installed
2025-06-11 06:27:55,835:INFO:            hyperopt: 0.2.7
2025-06-11 06:27:55,835:INFO:              optuna: 4.3.0
2025-06-11 06:27:55,835:INFO:               skopt: 0.10.2
2025-06-11 06:27:55,835:INFO:              mlflow: 2.22.0
2025-06-11 06:27:55,835:INFO:              gradio: 3.50.2
2025-06-11 06:27:55,835:INFO:             fastapi: 0.115.12
2025-06-11 06:27:55,835:INFO:             uvicorn: 0.34.3
2025-06-11 06:27:55,835:INFO:              m2cgen: 0.10.0
2025-06-11 06:27:55,835:INFO:           evidently: 0.2.8
2025-06-11 06:27:55,835:INFO:               fugue: 0.8.6
2025-06-11 06:27:55,835:INFO:           streamlit: Not installed
2025-06-11 06:27:55,835:INFO:             prophet: Not installed
2025-06-11 06:27:55,835:INFO:None
2025-06-11 06:27:55,835:INFO:Set up data.
2025-06-11 06:27:55,838:INFO:Set up index.
2025-06-11 06:27:55,838:INFO:Assigning column types.
2025-06-11 06:27:55,844:INFO:Engine successfully changes for model 'kmeans' to 'sklearn'.
2025-06-11 06:27:55,844:INFO:Engine for model 'dbscan' has not been set explicitly, hence returning None.
2025-06-11 06:27:55,844:INFO:Soft dependency imported: kmodes: 0.12.2
2025-06-11 06:27:55,851:INFO:Engine for model 'dbscan' has not been set explicitly, hence returning None.
2025-06-11 06:27:55,851:INFO:Soft dependency imported: kmodes: 0.12.2
2025-06-11 06:27:55,851:INFO:Engine successfully changes for model 'dbscan' to 'sklearn'.
2025-06-11 06:27:55,851:INFO:Soft dependency imported: kmodes: 0.12.2
2025-06-11 06:27:55,852:INFO:Soft dependency imported: kmodes: 0.12.2
2025-06-11 06:27:55,853:INFO:Preparing preprocessing pipeline...
2025-06-11 06:27:55,853:INFO:Set up simple imputation.
2025-06-11 06:27:55,879:INFO:Finished creating preprocessing pipeline.
2025-06-11 06:27:55,884:INFO:Pipeline: Pipeline(memory=FastMemory(location=C:\Users\RAUL\AppData\Local\Temp\joblib),
         steps=[('numerical_imputer',
                 TransformerWrapper(include=['annual_spend',
                                             'transactions_per_year',
                                             'avg_basket_size',
                                             'days_since_last_purchase'],
                                    transformer=SimpleImputer())),
                ('categorical_imputer',
                 TransformerWrapper(include=[],
                                    transformer=SimpleImputer(strategy='most_frequent')))])
2025-06-11 06:27:55,884:INFO:Creating final display dataframe.
2025-06-11 06:27:55,906:INFO:Setup _display_container:                Description            Value
0               Session id              123
1      Original data shape         (500, 4)
2   Transformed data shape         (500, 4)
3         Numeric features                4
4               Preprocess             True
5          Imputation type           simple
6       Numeric imputation             mean
7   Categorical imputation             mode
8                 CPU Jobs               -1
9                  Use GPU            False
10          Log Experiment     MlflowLogger
11         Experiment Name  clustering_cust
12                     USI             a534
2025-06-11 06:27:55,910:INFO:Soft dependency imported: kmodes: 0.12.2
2025-06-11 06:27:55,911:INFO:Soft dependency imported: kmodes: 0.12.2
2025-06-11 06:27:55,911:INFO:Logging experiment in loggers
2025-06-11 06:27:56,283:INFO:SubProcess save_model() called ==================================
2025-06-11 06:27:56,289:INFO:Initializing save_model()
2025-06-11 06:27:56,289:INFO:save_model(model=Pipeline(memory=FastMemory(location=C:\Users\RAUL\AppData\Local\Temp\joblib),
         steps=[('numerical_imputer',
                 TransformerWrapper(include=['annual_spend',
                                             'transactions_per_year',
                                             'avg_basket_size',
                                             'days_since_last_purchase'],
                                    transformer=SimpleImputer())),
                ('categorical_imputer',
                 TransformerWrapper(include=[],
                                    transformer=SimpleImputer(strategy='most_frequent')))]), model_name=C:\Users\RAUL\AppData\Local\Temp\tmpb7i72ilw\Transformation Pipeline, prep_pipe_=Pipeline(memory=FastMemory(location=C:\Users\RAUL\AppData\Local\Temp\joblib),
         steps=[('numerical_imputer',
                 TransformerWrapper(include=['annual_spend',
                                             'transactions_per_year',
                                             'avg_basket_size',
                                             'days_since_last_purchase'],
                                    transformer=SimpleImputer())),
                ('categorical_imputer',
                 TransformerWrapper(include=[],
                                    transformer=SimpleImputer(strategy='most_frequent')))]), verbose=False, use_case=MLUsecase.CLUSTERING, kwargs={})
2025-06-11 06:27:56,289:INFO:Adding model into prep_pipe
2025-06-11 06:27:56,289:WARNING:Only Model saved as it was a pipeline.
2025-06-11 06:27:56,291:INFO:C:\Users\RAUL\AppData\Local\Temp\tmpb7i72ilw\Transformation Pipeline.pkl saved in current working directory
2025-06-11 06:27:56,296:INFO:Pipeline(memory=FastMemory(location=C:\Users\RAUL\AppData\Local\Temp\joblib),
         steps=[('numerical_imputer',
                 TransformerWrapper(include=['annual_spend',
                                             'transactions_per_year',
                                             'avg_basket_size',
                                             'days_since_last_purchase'],
                                    transformer=SimpleImputer())),
                ('categorical_imputer',
                 TransformerWrapper(include=[],
                                    transformer=SimpleImputer(strategy='most_frequent')))])
2025-06-11 06:27:56,296:INFO:save_model() successfully completed......................................
2025-06-11 06:27:56,404:INFO:SubProcess save_model() end ==================================
2025-06-11 06:27:56,482:INFO:setup() successfully completed in 5.48s...............
